\BOOKMARK [-1][]{part.8}{\376\377\000I\000\040\000C\000o\000n\000t\000e\000x\000t\000\040\000a\000n\000d\000\040\000S\000t\000a\000t\000e\000\040\000o\000f\000\040\000t\000h\000e\000\040\000A\000r\000t}{}% 1
\BOOKMARK [0][-]{chapter.9}{\376\377\000I\000n\000t\000r\000o\000d\000u\000c\000t\000i\000o\000n}{part.8}% 2
\BOOKMARK [1][-]{section.10}{\376\377\000I\000n\000t\000r\000o\000d\000u\000c\000t\000i\000o\000n\000\040\000t\000o\000\040\000C\000r\000y\000p\000t\000o\000g\000r\000a\000p\000h\000y}{chapter.9}% 3
\BOOKMARK [2][-]{subsection.11}{\376\377\000S\000e\000c\000r\000e\000t\000-\000K\000e\000y\000\040\000C\000r\000y\000p\000t\000o\000g\000r\000a\000p\000h\000y}{section.10}% 4
\BOOKMARK [2][-]{subsection.12}{\376\377\000P\000u\000b\000l\000i\000c\000-\000K\000e\000y\000\040\000C\000r\000y\000p\000t\000o\000g\000r\000a\000p\000h\000y}{section.10}% 5
\BOOKMARK [1][-]{section.13}{\376\377\000S\000e\000c\000u\000r\000e\000\040\000H\000a\000r\000d\000w\000a\000r\000e\000\040\000a\000n\000d\000\040\000E\000m\000b\000e\000d\000d\000e\000d\000\040\000C\000r\000y\000p\000t\000o\000g\000r\000a\000p\000h\000y}{chapter.9}% 6
\BOOKMARK [2][-]{subsection.14}{\376\377\000T\000h\000e\000\040\000E\000x\000a\000m\000p\000l\000e\000\040\000o\000f\000\040\000t\000h\000e\000\040\000S\000m\000a\000r\000t\000\040\000C\000a\000r\000d}{section.13}% 7
\BOOKMARK [2][-]{subsection.15}{\376\377\000C\000e\000r\000t\000i\000f\000i\000c\000a\000t\000i\000o\000n\000\040\000o\000f\000\040\000a\000\040\000S\000e\000c\000u\000r\000e\000\040\000H\000a\000r\000d\000w\000a\000r\000e}{section.13}% 8
\BOOKMARK [2][-]{subsection.16}{\376\377\000M\000o\000d\000e\000r\000n\000\040\000M\000o\000r\000e\000\040\000C\000o\000m\000p\000l\000e\000x\000\040\000D\000e\000v\000i\000c\000e\000s\000\040\000t\000o\000\040\000C\000e\000r\000t\000i\000f\000y}{section.13}% 9
\BOOKMARK [2][-]{subsection.17}{\376\377\000E\000m\000b\000e\000d\000d\000e\000d\000\040\000C\000r\000y\000p\000t\000o\000g\000r\000a\000p\000h\000y\000\040\000V\000u\000l\000n\000e\000r\000a\000b\000i\000l\000i\000t\000i\000e\000s}{section.13}% 10
\BOOKMARK [0][-]{chapter.18}{\376\377\000I\000n\000t\000r\000o\000d\000u\000c\000t\000i\000o\000n\000\040\000t\000o\000\040\000S\000i\000d\000e\000-\000C\000h\000a\000n\000n\000e\000l\000\040\000A\000t\000t\000a\000c\000k\000s}{part.8}% 11
\BOOKMARK [1][-]{section.19}{\376\377\000I\000n\000t\000r\000o\000d\000u\000c\000t\000i\000o\000n\000\040\000t\000o\000\040\000S\000i\000d\000e\000-\000C\000h\000a\000n\000n\000e\000l\000\040\000A\000t\000t\000a\000c\000k\000s}{chapter.18}% 12
\BOOKMARK [2][-]{subsection.20}{\376\377\000H\000i\000s\000t\000o\000r\000i\000c\000a\000l\000\040\000O\000v\000e\000r\000v\000i\000e\000w}{section.19}% 13
\BOOKMARK [2][-]{subsection.21}{\376\377\000T\000e\000r\000m\000i\000n\000o\000l\000o\000g\000y\000\040\000a\000n\000d\000\040\000G\000e\000n\000e\000r\000a\000l\000i\000t\000i\000e\000s}{section.19}% 14
\BOOKMARK [3][-]{section*.22}{\376\377\000T\000a\000r\000g\000e\000t\000\040\000a\000n\000d\000\040\000L\000e\000a\000k\000a\000g\000e\000\040\000M\000o\000d\000e\000l}{subsection.21}% 15
\BOOKMARK [3][-]{section*.23}{\376\377\000P\000o\000i\000n\000t\000s\000\040\000o\000f\000\040\000I\000n\000t\000e\000r\000e\000s\000t}{subsection.21}% 16
\BOOKMARK [3][-]{section*.24}{\376\377\000S\000i\000m\000p\000l\000e\000\040\000v\000s\000\040\000A\000d\000v\000a\000n\000c\000e\000d\000\040\000S\000C\000A\000s}{subsection.21}% 17
\BOOKMARK [3][-]{section*.25}{\376\377\000V\000e\000r\000t\000i\000c\000a\000l\000\040\000v\000s\000\040\000H\000o\000r\000i\000z\000o\000n\000t\000a\000l\000\040\000S\000C\000A\000s}{subsection.21}% 18
\BOOKMARK [3][-]{section*.26}{\376\377\000P\000r\000o\000f\000i\000l\000e\000d\000\040\000v\000s\000\040\000N\000o\000n\000-\000P\000r\000o\000f\000i\000l\000e\000d\000\040\000S\000C\000A\000s}{subsection.21}% 19
\BOOKMARK [3][-]{section*.27}{\376\377\000S\000i\000d\000e\000-\000C\000h\000a\000n\000n\000e\000l\000\040\000A\000l\000g\000e\000b\000r\000a\000i\000c\000\040\000A\000t\000t\000a\000c\000k\000s}{subsection.21}% 20
\BOOKMARK [3][-]{section*.28}{\376\377\000D\000i\000s\000t\000i\000n\000g\000u\000i\000s\000h\000e\000r\000s}{subsection.21}% 21
\BOOKMARK [3][-]{section*.29}{\376\377\000S\000C\000A\000\040\000M\000e\000t\000r\000i\000c\000s}{subsection.21}% 22
\BOOKMARK [1][-]{section.30}{\376\377\000M\000a\000i\000n\000\040\000S\000i\000d\000e\000-\000C\000h\000a\000n\000n\000e\000l\000\040\000C\000o\000u\000n\000t\000e\000r\000m\000e\000a\000s\000u\000r\000e\000s}{chapter.18}% 23
\BOOKMARK [2][-]{subsection.31}{\376\377\000R\000a\000n\000d\000o\000m\000\040\000D\000e\000l\000a\000y\000s\000\040\000a\000n\000d\000\040\000J\000i\000t\000t\000e\000r}{section.30}% 24
\BOOKMARK [2][-]{subsection.32}{\376\377\000S\000h\000u\000f\000f\000l\000i\000n\000g}{section.30}% 25
\BOOKMARK [2][-]{subsection.33}{\376\377\000M\000a\000s\000k\000i\000n\000g}{section.30}% 26
\BOOKMARK [1][-]{section.34}{\376\377\000H\000i\000g\000h\000e\000r\000-\000O\000r\000d\000e\000r\000\040\000A\000t\000t\000a\000c\000k\000s}{chapter.18}% 27
\BOOKMARK [2][-]{subsection.35}{\376\377\000H\000i\000g\000h\000e\000r\000-\000O\000r\000d\000e\000r\000\040\000M\000o\000m\000e\000n\000t\000s\000\040\000A\000n\000a\000l\000y\000s\000i\000s\000\040\000a\000n\000d\000\040\000C\000o\000m\000b\000i\000n\000i\000n\000g\000\040\000F\000u\000n\000c\000t\000i\000o\000n\000s}{section.34}% 28
\BOOKMARK [2][-]{subsection.36}{\376\377\000P\000r\000o\000f\000i\000l\000i\000n\000g\000\040\000H\000i\000g\000h\000e\000r\000-\000O\000r\000d\000e\000r\000\040\000A\000t\000t\000a\000c\000k\000s}{section.34}% 29
\BOOKMARK [3][-]{section*.37}{\376\377\000P\000r\000o\000f\000i\000l\000i\000n\000g\000\040\000w\000i\000t\000h\000\040\000M\000a\000s\000k\000s\000\040\000K\000n\000o\000w\000l\000e\000d\000g\000e}{subsection.36}% 30
\BOOKMARK [3][-]{section*.38}{\376\377\000P\000r\000o\000f\000i\000l\000i\000n\000g\000\040\000w\000i\000t\000h\000o\000u\000t\000\040\000M\000a\000s\000k\000s\000\040\000K\000n\000o\000w\000l\000e\000d\000g\000e}{subsection.36}% 31
\BOOKMARK [1][-]{section.39}{\376\377\000T\000h\000e\000s\000i\000s\000\040\000C\000o\000n\000t\000r\000i\000b\000u\000t\000i\000o\000n\000\040\000a\000n\000d\000\040\000O\000r\000g\000a\000n\000i\000z\000a\000t\000i\000o\000n}{chapter.18}% 32
\BOOKMARK [2][-]{subsection.40}{\376\377\000F\000o\000r\000e\000w\000o\000r\000d\000\040\000o\000f\000\040\000t\000h\000i\000s\000\040\000T\000h\000e\000s\000i\000s\000:\000\040\000R\000e\000s\000e\000a\000r\000c\000h\000\040\000o\000f\000\040\000P\000o\000i\000n\000t\000s\000\040\000o\000f\000\040\000I\000n\000t\000e\000r\000e\000s\000t}{section.39}% 33
\BOOKMARK [2][-]{subsection.41}{\376\377\000D\000i\000m\000e\000n\000s\000i\000o\000n\000a\000l\000i\000t\000y\000\040\000R\000e\000d\000u\000c\000t\000i\000o\000n\000\040\000A\000p\000p\000r\000o\000a\000c\000h}{section.39}% 34
\BOOKMARK [3][-]{section*.42}{\376\377\000L\000i\000n\000e\000a\000r\000\040\000M\000e\000t\000h\000o\000d\000s\000\040\000f\000o\000r\000\040\000F\000i\000r\000s\000t\000-\000O\000r\000d\000e\000r\000\040\000A\000t\000t\000a\000c\000k\000s}{subsection.41}% 35
\BOOKMARK [3][-]{section*.43}{\376\377\000K\000e\000r\000n\000e\000l\000\040\000M\000e\000t\000h\000o\000d\000s\000\040\000f\000o\000r\000\040\000H\000i\000g\000h\000e\000r\000-\000O\000r\000d\000e\000r\000\040\000A\000t\000t\000a\000c\000k\000s}{subsection.41}% 36
\BOOKMARK [2][-]{subsection.44}{\376\377\000N\000e\000u\000r\000a\000l\000\040\000N\000e\000t\000w\000o\000r\000k\000\040\000A\000p\000p\000r\000o\000a\000c\000h}{section.39}% 37
\BOOKMARK [3][-]{section*.45}{\376\377\000T\000o\000w\000a\000r\000d\000\040\000G\000e\000t\000t\000i\000n\000g\000\040\000R\000i\000d\000\040\000o\000f\000\040\000I\000n\000f\000o\000r\000m\000a\000t\000i\000o\000n\000-\000L\000o\000o\000s\000i\000n\000g\000\040\000P\000r\000e\000p\000r\000o\000c\000e\000s\000s\000i\000n\000g}{subsection.44}% 38
\BOOKMARK [0][-]{chapter.46}{\376\377\000I\000n\000t\000r\000o\000d\000u\000c\000t\000i\000o\000n\000\040\000t\000o\000\040\000M\000a\000c\000h\000i\000n\000e\000\040\000L\000e\000a\000r\000n\000i\000n\000g}{part.8}% 39
\BOOKMARK [1][-]{section.47}{\376\377\000B\000a\000s\000i\000c\000\040\000C\000o\000n\000c\000e\000p\000t\000s\000\040\000o\000f\000\040\000M\000a\000c\000h\000i\000n\000e\000\040\000L\000e\000a\000r\000n\000i\000n\000g}{chapter.46}% 40
\BOOKMARK [2][-]{subsection.48}{\376\377\000T\000h\000e\000\040\000T\000a\000s\000k\000,\000\040\000t\000h\000e\000\040\000E\000x\000p\000e\000r\000i\000e\000n\000c\000e\000\040\000a\000n\000d\000\040\000t\000h\000e\000\040\000P\000e\000r\000f\000o\000r\000m\000a\000n\000c\000e}{section.47}% 41
\BOOKMARK [2][-]{subsection.49}{\376\377\000S\000u\000p\000e\000r\000v\000i\000s\000e\000d\000,\000\040\000S\000e\000m\000i\000-\000S\000u\000p\000e\000r\000v\000i\000s\000e\000d\000,\000\040\000U\000n\000s\000u\000p\000e\000r\000v\000i\000s\000e\000d\000\040\000L\000e\000a\000r\000n\000i\000n\000g}{section.47}% 42
\BOOKMARK [2][-]{subsection.50}{\376\377\000T\000r\000a\000i\000n\000i\000n\000g\000,\000\040\000V\000a\000l\000i\000d\000a\000t\000i\000o\000n\000\040\000a\000n\000d\000\040\000T\000e\000s\000t\000\040\000S\000e\000t\000s}{section.47}% 43
\BOOKMARK [2][-]{subsection.51}{\376\377\000U\000n\000d\000e\000r\000f\000i\000t\000t\000i\000n\000g\000,\000\040\000O\000v\000e\000r\000f\000i\000t\000t\000i\000n\000g\000\040\000a\000n\000d\000\040\000R\000e\000g\000u\000l\000a\000r\000i\000z\000a\000t\000i\000o\000n}{section.47}% 44
\BOOKMARK [2][-]{subsection.52}{\376\377\000D\000a\000t\000a\000\040\000A\000u\000g\000m\000e\000n\000t\000a\000t\000i\000o\000n}{section.47}% 45
\BOOKMARK [2][-]{subsection.53}{\376\377\000N\000o\000\040\000F\000r\000e\000e\000\040\000L\000u\000n\000c\000h\000\040\000T\000h\000e\000o\000r\000e\000m}{section.47}% 46
\BOOKMARK [1][-]{section.54}{\376\377\000M\000a\000c\000h\000i\000n\000e\000\040\000L\000e\000a\000r\000n\000i\000n\000g\000\040\000A\000p\000p\000l\000i\000c\000a\000t\000i\000o\000n\000s\000\040\000i\000n\000\040\000S\000i\000d\000e\000-\000C\000h\000a\000n\000n\000e\000l\000\040\000C\000o\000n\000t\000e\000x\000t}{chapter.46}% 47
\BOOKMARK [2][-]{subsection.55}{\376\377\000P\000r\000o\000f\000i\000l\000e\000d\000\040\000A\000t\000t\000a\000c\000k\000\040\000a\000s\000\040\000a\000\040\000C\000l\000a\000s\000s\000i\000f\000i\000c\000a\000t\000i\000o\000n\000\040\000P\000r\000o\000b\000l\000e\000m}{section.54}% 48
\BOOKMARK [3][-]{section*.56}{\376\377\000S\000u\000p\000p\000o\000r\000t\000\040\000V\000e\000c\000t\000o\000r\000\040\000M\000a\000c\000h\000i\000n\000e}{subsection.55}% 49
\BOOKMARK [3][-]{section*.57}{\376\377\000R\000a\000n\000d\000o\000m\000\040\000F\000o\000r\000e\000s\000t}{subsection.55}% 50
\BOOKMARK [3][-]{section*.58}{\376\377\000N\000e\000u\000r\000a\000l\000\040\000N\000e\000t\000w\000o\000r\000k\000s}{subsection.55}% 51
\BOOKMARK [-1][]{part.59}{\376\377\000I\000I\000\040\000C\000o\000n\000t\000r\000i\000b\000u\000t\000i\000o\000n\000s}{}% 52
\BOOKMARK [0][-]{chapter.60}{\376\377\000P\000o\000i\000n\000t\000s\000\040\000o\000f\000\040\000I\000n\000t\000e\000r\000e\000s\000t}{part.59}% 53
\BOOKMARK [1][-]{section.61}{\376\377\000M\000o\000t\000i\000v\000a\000t\000i\000o\000n\000s}{chapter.60}% 54
\BOOKMARK [2][-]{subsection.62}{\376\377\000T\000h\000e\000\040\000C\000u\000r\000s\000e\000\040\000o\000f\000\040\000D\000i\000m\000e\000n\000s\000i\000o\000n\000a\000l\000i\000t\000y}{section.61}% 55
\BOOKMARK [1][-]{section.63}{\376\377\000S\000e\000l\000e\000c\000t\000i\000o\000n\000\040\000o\000n\000\040\000P\000o\000i\000n\000t\000s\000\040\000o\000f\000\040\000I\000n\000t\000e\000r\000e\000s\000t\000:\000\040\000C\000l\000a\000s\000s\000i\000c\000a\000l\000\040\000S\000t\000a\000t\000i\000s\000t\000i\000c\000s}{chapter.60}% 56
\BOOKMARK [1][-]{section.64}{\376\377\000R\000e\000l\000a\000t\000e\000d\000\040\000I\000s\000s\000u\000e\000s\000:\000\040\000L\000e\000a\000k\000a\000g\000e\000\040\000D\000e\000t\000e\000c\000t\000i\000o\000n\000\040\000a\000n\000d\000\040\000L\000e\000a\000k\000a\000g\000e\000\040\000A\000s\000s\000e\000s\000s\000m\000e\000n\000t}{chapter.60}% 57
\BOOKMARK [1][-]{section.65}{\376\377\000G\000e\000n\000e\000r\000a\000l\000i\000z\000e\000d\000\040\000S\000N\000R\000\040\000f\000o\000r\000\040\000M\000u\000l\000t\000i\000-\000V\000a\000r\000i\000a\000t\000e\000\040\000A\000t\000t\000a\000c\000k\000s}{chapter.60}% 58
\BOOKMARK [1][-]{section.66}{\376\377\000O\000b\000s\000e\000r\000v\000a\000t\000i\000o\000n\000s\000\040\000L\000e\000a\000d\000i\000n\000g\000\040\000t\000o\000\040\000T\000a\000k\000e\000\040\000a\000\040\000D\000i\000m\000e\000n\000s\000i\000o\000n\000a\000l\000i\000t\000y\000\040\000R\000e\000d\000u\000c\000t\000i\000o\000n\000\040\000A\000p\000p\000r\000o\000a\000c\000h}{chapter.60}% 59
\BOOKMARK [0][-]{chapter.67}{\376\377\000L\000i\000n\000e\000a\000r\000\040\000D\000i\000m\000e\000n\000s\000i\000o\000n\000a\000l\000i\000t\000y\000\040\000R\000e\000d\000u\000c\000t\000i\000o\000n}{part.59}% 60
\BOOKMARK [1][-]{section.68}{\376\377\000I\000n\000t\000r\000o\000d\000u\000c\000t\000i\000o\000n}{chapter.67}% 61
\BOOKMARK [2][-]{subsection.69}{\376\377\000P\000r\000i\000n\000c\000i\000p\000a\000l\000\040\000C\000o\000m\000p\000o\000n\000e\000n\000t\000\040\000A\000n\000a\000l\000y\000s\000i\000s}{section.68}% 62
\BOOKMARK [2][-]{subsection.70}{\376\377\000L\000i\000n\000e\000a\000r\000\040\000D\000i\000s\000c\000r\000i\000m\000i\000n\000a\000n\000t\000\040\000A\000n\000a\000l\000y\000s\000i\000s}{section.68}% 63
\BOOKMARK [2][-]{subsection.71}{\376\377\000P\000r\000o\000j\000e\000c\000t\000i\000o\000n\000\040\000P\000u\000r\000s\000u\000i\000t\000s}{section.68}% 64
\BOOKMARK [1][-]{section.72}{\376\377\000P\000r\000i\000n\000c\000i\000p\000a\000l\000\040\000C\000o\000m\000p\000o\000n\000e\000n\000t\000\040\000A\000n\000a\000l\000y\000s\000i\000s}{chapter.67}% 65
\BOOKMARK [2][-]{subsection.73}{\376\377\000S\000t\000a\000t\000i\000s\000t\000i\000c\000a\000l\000\040\000P\000o\000i\000n\000t\000\040\000o\000f\000\040\000V\000i\000e\000w}{section.72}% 66
\BOOKMARK [2][-]{subsection.74}{\376\377\000G\000e\000o\000m\000e\000t\000r\000i\000c\000a\000l\000\040\000P\000o\000i\000n\000t\000\040\000o\000f\000\040\000V\000i\000e\000w}{section.72}% 67
\BOOKMARK [1][-]{section.75}{\376\377\000A\000p\000p\000l\000i\000c\000a\000t\000i\000o\000n\000\040\000o\000f\000\040\000P\000C\000A\000\040\000i\000n\000\040\000S\000C\000A\000s}{chapter.67}% 68
\BOOKMARK [2][-]{subsection.76}{\376\377\000O\000r\000i\000g\000i\000n\000a\000l\000\040\000v\000s\000\040\000C\000l\000a\000s\000s\000-\000O\000r\000i\000e\000n\000t\000e\000d\000\040\000P\000C\000A}{section.75}% 69
\BOOKMARK [2][-]{subsection.77}{\376\377\000T\000h\000e\000\040\000C\000h\000o\000i\000c\000e\000\040\000o\000f\000\040\000t\000h\000e\000\040\000P\000r\000i\000n\000c\000i\000p\000a\000l\000\040\000C\000o\000m\000p\000o\000n\000e\000n\000t\000s}{section.75}% 70
\BOOKMARK [1][-]{section.78}{\376\377\000L\000i\000n\000e\000a\000r\000\040\000D\000i\000s\000c\000r\000i\000m\000i\000n\000a\000n\000t\000\040\000A\000n\000a\000l\000y\000s\000i\000s}{chapter.67}% 71
\BOOKMARK [2][-]{subsection.79}{\376\377\000S\000t\000a\000t\000i\000s\000t\000i\000c\000a\000l\000\040\000P\000o\000i\000n\000t\000\040\000o\000f\000\040\000V\000i\000e\000w}{section.78}% 72
\BOOKMARK [2][-]{subsection.80}{\376\377\000G\000e\000o\000m\000e\000t\000r\000i\000c\000a\000l\000\040\000P\000o\000i\000n\000t\000\040\000o\000f\000\040\000V\000i\000e\000w}{section.78}% 73
\BOOKMARK [1][-]{section.81}{\376\377\000A\000p\000p\000l\000i\000c\000a\000t\000i\000o\000n\000\040\000o\000f\000\040\000L\000D\000A\000\040\000i\000n\000\040\000S\000C\000A\000s}{chapter.67}% 74
\BOOKMARK [2][-]{subsection.82}{\376\377\000T\000h\000e\000\040\000S\000m\000a\000l\000l\000\040\000S\000a\000m\000p\000l\000e\000\040\000S\000i\000z\000e\000\040\000p\000r\000o\000b\000l\000e\000m}{section.81}% 75
\BOOKMARK [0][-]{chapter.83}{\376\377\000K\000e\000r\000n\000e\000l\000\040\000D\000i\000m\000e\000n\000s\000i\000o\000n\000a\000l\000i\000t\000y\000\040\000R\000e\000d\000u\000c\000t\000i\000o\000n}{part.59}% 76
\BOOKMARK [1][-]{section.84}{\376\377\000M\000o\000t\000i\000v\000a\000t\000i\000o\000n}{chapter.83}% 77
\BOOKMARK [2][-]{subsection.85}{\376\377\000H\000i\000g\000h\000e\000r\000-\000O\000r\000d\000e\000r\000\040\000A\000t\000t\000a\000c\000k\000s}{section.84}% 78
\BOOKMARK [3][-]{section*.86}{\376\377\000H\000i\000g\000h\000e\000r\000-\000O\000r\000d\000e\000r\000\040\000V\000e\000r\000s\000i\000o\000n\000\040\000o\000f\000\040\000P\000r\000o\000j\000e\000c\000t\000i\000o\000n\000\040\000P\000u\000r\000s\000u\000i\000t\000s}{subsection.85}% 79
\BOOKMARK [1][-]{section.87}{\376\377\000K\000e\000r\000n\000e\000l\000\040\000F\000u\000n\000c\000t\000i\000o\000n\000\040\000a\000n\000d\000\040\000K\000e\000r\000n\000e\000l\000\040\000T\000r\000i\000c\000k}{chapter.83}% 80
\BOOKMARK [2][-]{subsection.88}{\376\377\000L\000o\000c\000a\000l\000\040\000K\000e\000r\000n\000e\000l\000\040\000F\000u\000n\000c\000t\000i\000o\000n\000s\000\040\000a\000s\000\040\000S\000i\000m\000i\000l\000a\000r\000i\000t\000y\000\040\000M\000e\000t\000r\000i\000c\000s}{section.87}% 81
\BOOKMARK [1][-]{section.89}{\376\377\000K\000e\000r\000n\000e\000l\000\040\000D\000i\000s\000c\000r\000i\000m\000i\000n\000a\000n\000t\000\040\000A\000n\000a\000l\000y\000s\000i\000s}{chapter.83}% 82
\BOOKMARK [1][-]{section.90}{\376\377\000E\000x\000p\000e\000r\000i\000m\000e\000n\000t\000s\000\040\000o\000v\000e\000r\000\040\000A\000t\000m\000e\000g\000a\0003\0002\0008\000P}{chapter.83}% 83
\BOOKMARK [2][-]{subsection.91}{\376\377\000T\000h\000e\000\040\000R\000e\000g\000u\000l\000a\000r\000i\000z\000a\000t\000i\000o\000n\000\040\000P\000r\000o\000b\000l\000e\000m}{section.90}% 84
\BOOKMARK [2][-]{subsection.92}{\376\377\000T\000h\000e\000\040\000M\000u\000l\000t\000i\000-\000C\000l\000a\000s\000s\000\040\000T\000r\000a\000d\000e\000-\000O\000f\000f}{section.90}% 85
\BOOKMARK [2][-]{subsection.93}{\376\377\000M\000u\000l\000t\000i\000-\000C\000l\000a\000s\000s\000\040\000v\000s\000\040\0002\000-\000c\000l\000a\000s\000s\000\040\000A\000p\000p\000r\000o\000a\000c\000h}{section.90}% 86
\BOOKMARK [2][-]{subsection.94}{\376\377\000A\000s\000y\000m\000m\000e\000t\000r\000i\000c\000\040\000P\000r\000e\000p\000r\000o\000c\000e\000s\000s\000i\000n\000g\000/\000A\000t\000t\000a\000c\000k\000\040\000A\000p\000p\000r\000o\000a\000c\000h}{section.90}% 87
\BOOKMARK [3][-]{section*.95}{\376\377\000C\000o\000m\000p\000a\000r\000i\000s\000o\000n\000\040\000w\000i\000t\000h\000\040\000P\000r\000o\000j\000e\000c\000t\000i\000o\000n\000\040\000P\000u\000r\000s\000u\000i\000t\000s}{subsection.94}% 88
\BOOKMARK [1][-]{section.96}{\376\377\000D\000r\000a\000w\000b\000a\000c\000k\000s\000\040\000o\000f\000\040\000K\000e\000r\000n\000e\000l\000\040\000M\000e\000t\000h\000o\000d\000s}{chapter.83}% 89
\BOOKMARK [2][-]{section*.97}{\376\377\000M\000i\000s\000a\000l\000i\000g\000n\000m\000e\000n\000t\000\040\000E\000f\000f\000e\000c\000t\000s}{section.96}% 90
\BOOKMARK [3][-]{section*.98}{\376\377\000M\000e\000m\000o\000r\000y\000\040\000C\000o\000m\000p\000l\000e\000x\000i\000t\000y\000\040\000a\000n\000d\000\040\000A\000c\000t\000u\000a\000l\000\040\000N\000u\000m\000b\000e\000r\000\040\000o\000f\000\040\000P\000a\000r\000a\000m\000e\000t\000e\000r\000s}{section*.97}% 91
\BOOKMARK [3][-]{section*.99}{\376\377\000T\000w\000o\000-\000P\000h\000a\000s\000e\000s\000\040\000A\000p\000p\000r\000o\000a\000c\000h\000:\000\040\000P\000r\000e\000p\000r\000o\000c\000e\000s\000s\000i\000n\000g\000-\000T\000e\000m\000p\000l\000a\000t\000e\000s}{section*.97}% 92
\BOOKMARK [0][-]{chapter.100}{\376\377\000C\000o\000n\000v\000o\000l\000u\000t\000i\000o\000n\000a\000l\000\040\000N\000e\000u\000r\000a\000l\000\040\000N\000e\000t\000w\000o\000r\000k\000s\000\040\000a\000g\000a\000i\000n\000s\000t\000\040\000J\000i\000t\000t\000e\000r\000-\000B\000a\000s\000e\000d\000\040\000C\000o\000u\000n\000t\000e\000r\000m\000e\000a\000s\000u\000r\000e\000s}{part.59}% 93
\BOOKMARK [1][-]{section.101}{\376\377\000M\000o\000v\000i\000n\000g\000\040\000f\000r\000o\000m\000\040\000K\000e\000r\000n\000e\000l\000\040\000M\000a\000c\000h\000i\000n\000e\000s\000\040\000t\000o\000\040\000N\000e\000u\000r\000a\000l\000\040\000N\000e\000t\000w\000o\000r\000k\000s}{chapter.100}% 94
\BOOKMARK [1][-]{section.102}{\376\377\000M\000i\000s\000a\000l\000i\000g\000n\000m\000e\000n\000t\000\040\000o\000f\000\040\000S\000i\000d\000e\000-\000C\000h\000a\000n\000n\000e\000l\000\040\000T\000r\000a\000c\000e\000s}{chapter.100}% 95
\BOOKMARK [2][-]{subsection.103}{\376\377\000T\000h\000e\000\040\000N\000e\000c\000e\000s\000s\000i\000t\000y\000\040\000a\000n\000d\000\040\000t\000h\000e\000\040\000R\000i\000s\000k\000s\000\040\000o\000f\000\040\000A\000p\000p\000l\000y\000i\000n\000g\000\040\000R\000e\000a\000l\000i\000g\000n\000m\000e\000n\000t\000\040\000T\000e\000c\000h\000n\000i\000q\000u\000e\000s}{section.102}% 96
\BOOKMARK [2][-]{subsection.104}{\376\377\000A\000n\000a\000l\000o\000g\000y\000\040\000w\000i\000t\000h\000\040\000I\000m\000a\000g\000e\000\040\000R\000e\000c\000o\000g\000n\000i\000t\000i\000o\000n\000\040\000I\000s\000s\000u\000e\000s}{section.102}% 97
\BOOKMARK [1][-]{section.105}{\376\377\000C\000o\000n\000v\000o\000l\000u\000t\000i\000o\000n\000a\000l\000\040\000L\000a\000y\000e\000r\000s\000\040\000t\000o\000\040\000I\000m\000p\000o\000s\000e\000\040\000S\000h\000i\000f\000t\000-\000I\000n\000v\000a\000r\000i\000a\000n\000c\000e}{chapter.100}% 98
\BOOKMARK [1][-]{section.106}{\376\377\000D\000a\000t\000a\000\040\000A\000u\000g\000m\000e\000n\000t\000a\000t\000i\000o\000n\000\040\000f\000o\000r\000\040\000M\000i\000s\000a\000l\000i\000g\000n\000e\000d\000\040\000S\000i\000d\000e\000-\000C\000h\000a\000n\000n\000e\000l\000\040\000T\000r\000a\000c\000e\000s}{chapter.100}% 99
\BOOKMARK [1][-]{section.107}{\376\377\000E\000x\000p\000e\000r\000i\000m\000e\000n\000t\000s\000\040\000a\000g\000a\000i\000n\000s\000t\000\040\000S\000o\000f\000t\000w\000a\000r\000e\000\040\000C\000o\000u\000n\000t\000e\000r\000m\000e\000a\000s\000u\000r\000e\000s}{chapter.100}% 100
\BOOKMARK [1][-]{section.108}{\376\377\000E\000x\000p\000e\000r\000i\000m\000e\000n\000t\000s\000\040\000a\000g\000a\000i\000n\000s\000t\000\040\000A\000r\000t\000i\000f\000i\000c\000i\000a\000l\000\040\000H\000a\000r\000d\000w\000a\000r\000e\000\040\000C\000o\000u\000n\000t\000e\000r\000m\000e\000a\000s\000u\000r\000e\000s}{chapter.100}% 101
\BOOKMARK [1][-]{section.109}{\376\377\000E\000x\000p\000e\000r\000i\000m\000e\000n\000t\000s\000\040\000a\000g\000a\000i\000n\000s\000t\000\040\000R\000e\000a\000l\000-\000C\000a\000s\000e\000\040\000H\000a\000r\000d\000w\000a\000r\000e\000\040\000C\000o\000u\000n\000t\000e\000r\000m\000e\000a\000s\000u\000r\000e\000s}{chapter.100}% 102
\BOOKMARK [0][-]{chapter.110}{\376\377\000K\000D\000A\000\040\000v\000s\000\040\000N\000e\000u\000r\000a\000l\000\040\000N\000e\000t\000w\000o\000r\000k\000s\000\040\000A\000p\000p\000r\000o\000a\000c\000h\000\040\000f\000o\000r\000\040\000H\000O\000-\000A\000t\000t\000a\000c\000k\000s}{part.59}% 103
\BOOKMARK [1][-]{section.111}{\376\377\000S\000i\000m\000u\000l\000a\000t\000e\000d\000\040\000E\000x\000p\000e\000r\000i\000m\000e\000n\000t\000\040\000f\000o\000r\000\040\000P\000r\000o\000f\000i\000l\000e\000d\000\040\000H\000O\000-\000A\000t\000t\000a\000c\000k\000s}{chapter.110}% 104
\BOOKMARK [2][-]{subsection.112}{\376\377\000T\000h\000e\000\040\000S\000i\000m\000u\000l\000a\000t\000i\000o\000n\000s}{section.111}% 105
\BOOKMARK [2][-]{subsection.113}{\376\377\000C\000o\000m\000p\000a\000r\000i\000s\000o\000n\000\040\000b\000e\000t\000w\000e\000e\000n\000\040\000K\000D\000A\000\040\000a\000n\000d\000\040\000M\000L\000P}{section.111}% 106
\BOOKMARK [1][-]{section.114}{\376\377\000R\000e\000a\000l\000-\000C\000a\000s\000e\000\040\000E\000x\000p\000e\000r\000i\000m\000e\000n\000t\000s\000\040\000o\000v\000e\000r\000\040\000A\000R\000M\000\040\000C\000o\000r\000t\000e\000x\000-\000M\0004}{chapter.110}% 107
\BOOKMARK [0][-]{chapter.115}{\376\377\000S\000i\000a\000m\000e\000s\000e\000\040\000N\000e\000u\000r\000a\000l\000\040\000N\000e\000t\000w\000o\000r\000k\000s\000\040\000f\000o\000r\000\040\000C\000o\000l\000l\000i\000s\000i\000o\000n\000\040\000A\000t\000t\000a\000c\000k\000s}{part.59}% 108
\BOOKMARK [1][-]{section.116}{\376\377\000I\000n\000t\000r\000o\000d\000u\000c\000t\000i\000o\000n}{chapter.115}% 109
\BOOKMARK [1][-]{section.117}{\376\377\000S\000i\000a\000m\000e\000s\000e\000\040\000N\000e\000u\000r\000a\000l\000\040\000N\000e\000t\000w\000o\000r\000k\000s}{chapter.115}% 110
\BOOKMARK [2][-]{subsection.118}{\376\377\000D\000i\000s\000t\000a\000n\000c\000e\000s\000\040\000a\000n\000d\000\040\000L\000o\000s\000s\000\040\000F\000u\000n\000c\000t\000i\000o\000n\000s}{section.117}% 111
\BOOKMARK [2][-]{subsection.119}{\376\377\000R\000e\000l\000a\000t\000i\000o\000n\000\040\000w\000i\000t\000h\000\040\000K\000e\000r\000n\000e\000l\000\040\000M\000a\000c\000h\000i\000n\000e\000s}{section.117}% 112
\BOOKMARK [1][-]{section.120}{\376\377\000C\000o\000l\000l\000i\000s\000i\000o\000n\000\040\000A\000t\000t\000a\000c\000k\000s\000\040\000w\000i\000t\000h\000\040\000S\000i\000a\000m\000e\000s\000e\000\040\000N\000N\000s}{chapter.115}% 113
\BOOKMARK [2][-]{subsection.121}{\376\377\000E\000x\000p\000e\000r\000i\000m\000e\000n\000t\000a\000l\000\040\000R\000e\000s\000u\000l\000t\000s}{section.120}% 114
\BOOKMARK [0][-]{chapter.122}{\376\377\000C\000o\000n\000c\000l\000u\000s\000i\000o\000n\000s\000\040\000a\000n\000d\000\040\000P\000e\000r\000s\000p\000e\000c\000t\000i\000v\000e\000s}{part.59}% 115
\BOOKMARK [1][-]{section.123}{\376\377\000S\000u\000m\000m\000a\000r\000y}{chapter.122}% 116
\BOOKMARK [1][-]{section.124}{\376\377\000S\000t\000r\000e\000n\000g\000t\000h\000e\000n\000\040\000E\000m\000b\000e\000d\000d\000e\000d\000\040\000S\000e\000c\000u\000r\000i\000t\000y\000:\000\040\000t\000h\000e\000\040\000M\000a\000i\000n\000\040\000C\000h\000a\000l\000l\000e\000n\000g\000e\000\040\000f\000o\000r\000\040\000M\000a\000c\000h\000i\000n\000e\000\040\000L\000e\000a\000r\000n\000i\000n\000g\000\040\000A\000p\000p\000l\000i\000c\000a\000t\000i\000o\000n\000s}{chapter.122}% 117
